Copyright 1986-2015 Xilinx, Inc. All Rights Reserved.
------------------------------------------------------------------------------------
| Tool Version : Vivado v.2015.4 (win64) Build 1412921 Wed Nov 18 09:43:45 MST 2015
| Date         : Thu Apr 07 04:52:57 2016
| Host         : Emre-Bilgisayar running 64-bit Service Pack 1  (build 7601)
| Command      : report_io -file system_wrapper_io_placed.rpt
| Design       : system_wrapper
| Device       : xc7a35ti
| Speed File   : -1L
| Package      : csg324
------------------------------------------------------------------------------------

IO Information

Table of Contents
-----------------
1. Summary
2. IO Assignments by Package Pin

1. Summary
----------

+---------------+
| Total User IO |
+---------------+
|           157 |
+---------------+


2. IO Assignments by Package Pin
--------------------------------

+------------+-----------------------------+------------+------------------------------+-------------+--------------+---------+------------+------+---------------------+----------------------+---------+------------+-----------+----------+----------+------------------+
| Pin Number | Signal Name                 | Bank Type  | Pin Name                     | Use         | IO Standard  | IO Bank | Drive (mA) | Slew | On-Chip Termination | Off-Chip Termination | Voltage | Constraint | Pull Type | DQS Bias | Vref     | Signal Integrity |
+------------+-----------------------------+------------+------------------------------+-------------+--------------+---------+------------+------+---------------------+----------------------+---------+------------+-----------+----------+----------+------------------+
| A1         |                             | High Range | IO_L9N_T1_DQS_AD7N_35        | User IO     |              |      35 |            |      |                     |                      |         |            |           |          |          |                  |
| A2         |                             |            | GND                          | GND         |              |         |            |      |                     |                      |     0.0 |            |           |          |          |                  |
| A3         |                             | High Range | IO_L8N_T1_AD14N_35           | User IO     |              |      35 |            |      |                     |                      |         |            |           |          |          |                  |
| A4         |                             | High Range | IO_L8P_T1_AD14P_35           | User IO     |              |      35 |            |      |                     |                      |         |            |           |          |          |                  |
| A5         |                             | High Range | IO_L3N_T0_DQS_AD5N_35        | User IO     |              |      35 |            |      |                     |                      |         |            |           |          |          |                  |
| A6         |                             | High Range | IO_L3P_T0_DQS_AD5P_35        | User IO     |              |      35 |            |      |                     |                      |         |            |           |          |          |                  |
| A7         |                             | High Range | VCCO_35                      | VCCO        |              |      35 |            |      |                     |                      |    3.30 |            |           |          |          |                  |
| A8         | dip_switches_4bits_tri_i[0] | High Range | IO_L12N_T1_MRCC_16           | INPUT       | LVCMOS33     |      16 |            |      |                     |                 NONE |         | FIXED      |           |          |          | NONE             |
| A9         | usb_uart_rxd                | High Range | IO_L14N_T2_SRCC_16           | INPUT       | LVCMOS33     |      16 |            |      |                     |                 NONE |         | FIXED      |           |          |          | NONE             |
| A10        | dip_switches_4bits_tri_i[3] | High Range | IO_L14P_T2_SRCC_16           | INPUT       | LVCMOS33     |      16 |            |      |                     |                 NONE |         | FIXED      |           |          |          | NONE             |
| A11        | ja_pin3_io                  | High Range | IO_L4N_T0_15                 | BIDIR       | LVCMOS33     |      15 |         12 | SLOW |                     |            FP_VTT_50 |         | FIXED      |           |          |          | NONE             |
| A12        |                             |            | GND                          | GND         |              |         |            |      |                     |                      |     0.0 |            |           |          |          |                  |
| A13        | i2c_pullups_tri_o[1]        | High Range | IO_L9P_T1_DQS_AD3P_15        | OUTPUT      | LVCMOS33     |      15 |         12 | SLOW |                     |            FP_VTT_50 |         | FIXED      |           |          |          | NONE             |
| A14        | i2c_pullups_tri_o[0]        | High Range | IO_L9N_T1_DQS_AD3N_15        | OUTPUT      | LVCMOS33     |      15 |         12 | SLOW |                     |            FP_VTT_50 |         | FIXED      |           |          |          | NONE             |
| A15        |                             | High Range | IO_L8P_T1_AD10P_15           | User IO     |              |      15 |            |      |                     |                      |         |            |           |          |          |                  |
| A16        |                             | High Range | IO_L8N_T1_AD10N_15           | User IO     |              |      15 |            |      |                     |                      |         |            |           |          |          |                  |
| A17        |                             | High Range | VCCO_15                      | VCCO        |              |      15 |            |      |                     |                      |    3.30 |            |           |          |          |                  |
| A18        | ja_pin9_io                  | High Range | IO_L10N_T1_AD11N_15          | BIDIR       | LVCMOS33     |      15 |         12 | SLOW |                     |            FP_VTT_50 |         | FIXED      |           |          |          | NONE             |
| B1         |                             | High Range | IO_L9P_T1_DQS_AD7P_35        | User IO     |              |      35 |            |      |                     |                      |         |            |           |          |          |                  |
| B2         |                             | High Range | IO_L10N_T1_AD15N_35          | User IO     |              |      35 |            |      |                     |                      |         |            |           |          |          |                  |
| B3         |                             | High Range | IO_L10P_T1_AD15P_35          | User IO     |              |      35 |            |      |                     |                      |         |            |           |          |          |                  |
| B4         |                             | High Range | IO_L7N_T1_AD6N_35            | User IO     |              |      35 |            |      |                     |                      |         |            |           |          |          |                  |
| B5         |                             |            | GND                          | GND         |              |         |            |      |                     |                      |     0.0 |            |           |          |          |                  |
| B6         |                             | High Range | IO_L2N_T0_AD12N_35           | User IO     |              |      35 |            |      |                     |                      |         |            |           |          |          |                  |
| B7         |                             | High Range | IO_L2P_T0_AD12P_35           | User IO     |              |      35 |            |      |                     |                      |         |            |           |          |          |                  |
| B8         | push_buttons_4bits_tri_i[3] | High Range | IO_L12P_T1_MRCC_16           | INPUT       | LVCMOS33     |      16 |            |      |                     |                 NONE |         | FIXED      |           |          |          | NONE             |
| B9         | push_buttons_4bits_tri_i[2] | High Range | IO_L11N_T1_SRCC_16           | INPUT       | LVCMOS33     |      16 |            |      |                     |                 NONE |         | FIXED      |           |          |          | NONE             |
| B10        |                             | High Range | VCCO_16                      | VCCO        |              |      16 |            |      |                     |                      |    3.30 |            |           |          |          |                  |
| B11        | ja_pin2_io                  | High Range | IO_L4P_T0_15                 | BIDIR       | LVCMOS33     |      15 |         12 | SLOW |                     |            FP_VTT_50 |         | FIXED      |           |          |          | NONE             |
| B12        |                             | High Range | IO_L3N_T0_DQS_AD1N_15        | User IO     |              |      15 |            |      |                     |                      |         |            |           |          |          |                  |
| B13        |                             | High Range | IO_L2P_T0_AD8P_15            | User IO     |              |      15 |            |      |                     |                      |         |            |           |          |          |                  |
| B14        |                             | High Range | IO_L2N_T0_AD8N_15            | User IO     |              |      15 |            |      |                     |                      |         |            |           |          |          |                  |
| B15        |                             |            | GND                          | GND         |              |         |            |      |                     |                      |     0.0 |            |           |          |          |                  |
| B16        |                             | High Range | IO_L7P_T1_AD2P_15            | User IO     |              |      15 |            |      |                     |                      |         |            |           |          |          |                  |
| B17        |                             | High Range | IO_L7N_T1_AD2N_15            | User IO     |              |      15 |            |      |                     |                      |         |            |           |          |          |                  |
| B18        | ja_pin8_io                  | High Range | IO_L10P_T1_AD11P_15          | BIDIR       | LVCMOS33     |      15 |         12 | SLOW |                     |            FP_VTT_50 |         | FIXED      |           |          |          | NONE             |
| C1         | spi_ss_io                   | High Range | IO_L16N_T2_35                | BIDIR       | LVCMOS33     |      35 |         12 | SLOW |                     |            FP_VTT_50 |         | FIXED      |           |          |          | NONE             |
| C2         | reset                       | High Range | IO_L16P_T2_35                | INPUT       | LVCMOS33     |      35 |            |      |                     |                 NONE |         | FIXED      |           |          |          | NONE             |
| C3         |                             | High Range | VCCO_35                      | VCCO        |              |      35 |            |      |                     |                      |    3.30 |            |           |          |          |                  |
| C4         |                             | High Range | IO_L7P_T1_AD6P_35            | User IO     |              |      35 |            |      |                     |                      |         |            |           |          |          |                  |
| C5         |                             | High Range | IO_L1N_T0_AD4N_35            | User IO     |              |      35 |            |      |                     |                      |         |            |           |          |          |                  |
| C6         |                             | High Range | IO_L1P_T0_AD4P_35            | User IO     |              |      35 |            |      |                     |                      |         |            |           |          |          |                  |
| C7         | shield_dp0_dp19_tri_io[16]  | High Range | IO_L4N_T0_35                 | BIDIR       | LVCMOS33     |      35 |         12 | SLOW |                     |            FP_VTT_50 |         | FIXED      |           |          |          | NONE             |
| C8         |                             |            | GND                          | GND         |              |         |            |      |                     |                      |     0.0 |            |           |          |          |                  |
| C9         | push_buttons_4bits_tri_i[1] | High Range | IO_L11P_T1_SRCC_16           | INPUT       | LVCMOS33     |      16 |            |      |                     |                 NONE |         | FIXED      |           |          |          | NONE             |
| C10        | dip_switches_4bits_tri_i[2] | High Range | IO_L13N_T2_MRCC_16           | INPUT       | LVCMOS33     |      16 |            |      |                     |                 NONE |         | FIXED      |           |          |          | NONE             |
| C11        | dip_switches_4bits_tri_i[1] | High Range | IO_L13P_T2_MRCC_16           | INPUT       | LVCMOS33     |      16 |            |      |                     |                 NONE |         | FIXED      |           |          |          | NONE             |
| C12        |                             | High Range | IO_L3P_T0_DQS_AD1P_15        | User IO     |              |      15 |            |      |                     |                      |         |            |           |          |          |                  |
| C13        |                             | High Range | VCCO_15                      | VCCO        |              |      15 |            |      |                     |                      |    3.30 |            |           |          |          |                  |
| C14        |                             | High Range | IO_L1N_T0_AD0N_15            | User IO     |              |      15 |            |      |                     |                      |         |            |           |          |          |                  |
| C15        | jb_pin4_io                  | High Range | IO_L12N_T1_MRCC_15           | BIDIR       | LVCMOS33     |      15 |         12 | SLOW |                     |            FP_VTT_50 |         | FIXED      |           |          |          | NONE             |
| C16        |                             | High Range | IO_L20P_T3_A20_15            | User IO     |              |      15 |            |      |                     |                      |         |            |           |          |          |                  |
| C17        |                             | High Range | IO_L20N_T3_A19_15            | User IO     |              |      15 |            |      |                     |                      |         |            |           |          |          |                  |
| C18        |                             |            | GND                          | GND         |              |         |            |      |                     |                      |     0.0 |            |           |          |          |                  |
| D1         |                             |            | GND                          | GND         |              |         |            |      |                     |                      |     0.0 |            |           |          |          |                  |
| D2         | jd_pin8_io                  | High Range | IO_L14N_T2_SRCC_35           | BIDIR       | LVCMOS33     |      35 |         12 | SLOW |                     |            FP_VTT_50 |         | FIXED      |           |          |          | NONE             |
| D3         | jd_pin2_io                  | High Range | IO_L12N_T1_MRCC_35           | BIDIR       | LVCMOS33     |      35 |         12 | SLOW |                     |            FP_VTT_50 |         | FIXED      |           |          |          | NONE             |
| D4         | jd_pin1_io                  | High Range | IO_L11N_T1_SRCC_35           | BIDIR       | LVCMOS33     |      35 |         12 | SLOW |                     |            FP_VTT_50 |         | FIXED      |           |          |          | NONE             |
| D5         | shield_dp0_dp19_tri_io[19]  | High Range | IO_L11P_T1_SRCC_35           | BIDIR       | LVCMOS33     |      35 |         12 | SLOW |                     |            FP_VTT_50 |         | FIXED      |           |          |          | NONE             |
| D6         |                             | High Range | VCCO_35                      | VCCO        |              |      35 |            |      |                     |                      |    3.30 |            |           |          |          |                  |
| D7         | shield_dp0_dp19_tri_io[18]  | High Range | IO_L6N_T0_VREF_35            | BIDIR       | LVCMOS33     |      35 |         12 | SLOW |                     |            FP_VTT_50 |         | FIXED      |           |          |          | NONE             |
| D8         | shield_dp0_dp19_tri_io[15]  | High Range | IO_L4P_T0_35                 | BIDIR       | LVCMOS33     |      35 |         12 | SLOW |                     |            FP_VTT_50 |         | FIXED      |           |          |          | NONE             |
| D9         | push_buttons_4bits_tri_i[0] | High Range | IO_L6N_T0_VREF_16            | INPUT       | LVCMOS33     |      16 |            |      |                     |                 NONE |         | FIXED      |           |          |          | NONE             |
| D10        | usb_uart_txd                | High Range | IO_L19N_T3_VREF_16           | OUTPUT      | LVCMOS33     |      16 |         12 | SLOW |                     |            FP_VTT_50 |         | FIXED      |           |          |          | NONE             |
| D11        |                             |            | GND                          | GND         |              |         |            |      |                     |                      |     0.0 |            |           |          |          |                  |
| D12        | ja_pin4_io                  | High Range | IO_L6P_T0_15                 | BIDIR       | LVCMOS33     |      15 |         12 | SLOW |                     |            FP_VTT_50 |         | FIXED      |           |          |          | NONE             |
| D13        | ja_pin7_io                  | High Range | IO_L6N_T0_VREF_15            | BIDIR       | LVCMOS33     |      15 |         12 | SLOW |                     |            FP_VTT_50 |         | FIXED      |           |          |          | NONE             |
| D14        |                             | High Range | IO_L1P_T0_AD0P_15            | User IO     |              |      15 |            |      |                     |                      |         |            |           |          |          |                  |
| D15        | jb_pin3_io                  | High Range | IO_L12P_T1_MRCC_15           | BIDIR       | LVCMOS33     |      15 |         12 | SLOW |                     |            FP_VTT_50 |         | FIXED      |           |          |          | NONE             |
| D16        |                             | High Range | VCCO_15                      | VCCO        |              |      15 |            |      |                     |                      |    3.30 |            |           |          |          |                  |
| D17        |                             | High Range | IO_L16N_T2_A27_15            | User IO     |              |      15 |            |      |                     |                      |         |            |           |          |          |                  |
| D18        |                             | High Range | IO_L21N_T3_DQS_A18_15        | User IO     |              |      15 |            |      |                     |                      |         |            |           |          |          |                  |
| E1         | rgb_led_tri_o[0]            | High Range | IO_L18N_T2_35                | OUTPUT      | LVCMOS33     |      35 |         12 | SLOW |                     |            FP_VTT_50 |         | FIXED      |           |          |          | NONE             |
| E2         | jd_pin7_io                  | High Range | IO_L14P_T2_SRCC_35           | BIDIR       | LVCMOS33     |      35 |         12 | SLOW |                     |            FP_VTT_50 |         | FIXED      |           |          |          | NONE             |
| E3         | sys_clock                   | High Range | IO_L12P_T1_MRCC_35           | INPUT       | LVCMOS33     |      35 |            |      |                     |                 NONE |         | FIXED      |           |          |          | NONE             |
| E4         |                             |            | GND                          | GND         |              |         |            |      |                     |                      |     0.0 |            |           |          |          |                  |
| E5         |                             | High Range | IO_L5N_T0_AD13N_35           | User IO     |              |      35 |            |      |                     |                      |         |            |           |          |          |                  |
| E6         |                             | High Range | IO_L5P_T0_AD13P_35           | User IO     |              |      35 |            |      |                     |                      |         |            |           |          |          |                  |
| E7         | shield_dp0_dp19_tri_io[17]  | High Range | IO_L6P_T0_35                 | BIDIR       | LVCMOS33     |      35 |         12 | SLOW |                     |            FP_VTT_50 |         | FIXED      |           |          |          | NONE             |
| E8         |                             | Dedicated  | VCCBATT_0                    | Config      |              |       0 |            |      |                     |                      |         |            |           |          |          |                  |
| E9         |                             | Dedicated  | CCLK_0                       | Config      |              |       0 |            |      |                     |                      |         |            |           |          |          |                  |
| E10        |                             | Dedicated  | TCK_0                        | Config      |              |       0 |            |      |                     |                      |         |            |           |          |          |                  |
| E11        |                             | Dedicated  | TDI_0                        | Config      |              |       0 |            |      |                     |                      |         |            |           |          |          |                  |
| E12        |                             | Dedicated  | TMS_0                        | Config      |              |       0 |            |      |                     |                      |         |            |           |          |          |                  |
| E13        |                             | Dedicated  | TDO_0                        | Config      |              |       0 |            |      |                     |                      |         |            |           |          |          |                  |
| E14        |                             |            | GND                          | GND         |              |         |            |      |                     |                      |     0.0 |            |           |          |          |                  |
| E15        | jb_pin1_io                  | High Range | IO_L11P_T1_SRCC_15           | BIDIR       | LVCMOS33     |      15 |         12 | SLOW |                     |            FP_VTT_50 |         | FIXED      |           |          |          | NONE             |
| E16        | jb_pin2_io                  | High Range | IO_L11N_T1_SRCC_15           | BIDIR       | LVCMOS33     |      15 |         12 | SLOW |                     |            FP_VTT_50 |         | FIXED      |           |          |          | NONE             |
| E17        |                             | High Range | IO_L16P_T2_A28_15            | User IO     |              |      15 |            |      |                     |                      |         |            |           |          |          |                  |
| E18        |                             | High Range | IO_L21P_T3_DQS_15            | User IO     |              |      15 |            |      |                     |                      |         |            |           |          |          |                  |
| F1         | spi_sck_io                  | High Range | IO_L18P_T2_35                | BIDIR       | LVCMOS33     |      35 |         12 | SLOW |                     |            FP_VTT_50 |         | FIXED      |           |          |          | NONE             |
| F2         |                             | High Range | VCCO_35                      | VCCO        |              |      35 |            |      |                     |                      |    3.30 |            |           |          |          |                  |
| F3         | jd_pin4_io                  | High Range | IO_L13N_T2_MRCC_35           | BIDIR       | LVCMOS33     |      35 |         12 | SLOW |                     |            FP_VTT_50 |         | FIXED      |           |          |          | NONE             |
| F4         | jd_pin3_io                  | High Range | IO_L13P_T2_MRCC_35           | BIDIR       | LVCMOS33     |      35 |         12 | SLOW |                     |            FP_VTT_50 |         | FIXED      |           |          |          | NONE             |
| F5         | shield_dp0_dp19_tri_io[14]  | High Range | IO_0_35                      | BIDIR       | LVCMOS33     |      35 |         12 | SLOW |                     |            FP_VTT_50 |         | FIXED      |           |          |          | NONE             |
| F6         | rgb_led_tri_o[1]            | High Range | IO_L19N_T3_VREF_35           | OUTPUT      | LVCMOS33     |      35 |         12 | SLOW |                     |            FP_VTT_50 |         | FIXED      |           |          |          | NONE             |
| F7         |                             |            | GND                          | GND         |              |         |            |      |                     |                      |     0.0 |            |           |          |          |                  |
| F8         |                             |            | VCCINT                       | VCCINT      |              |         |            |      |                     |                      |         |            |           |          |          |                  |
| F9         |                             |            | GND                          | GND         |              |         |            |      |                     |                      |     0.0 |            |           |          |          |                  |
| F10        |                             |            | VCCBRAM                      | VCCBRAM     |              |         |            |      |                     |                      |         |            |           |          |          |                  |
| F11        |                             |            | GND                          | GND         |              |         |            |      |                     |                      |     0.0 |            |           |          |          |                  |
| F12        |                             |            | VCCAUX                       | VCCAUX      |              |         |            |      |                     |                      |    1.80 |            |           |          |          |                  |
| F13        |                             | High Range | IO_L5P_T0_AD9P_15            | User IO     |              |      15 |            |      |                     |                      |         |            |           |          |          |                  |
| F14        |                             | High Range | IO_L5N_T0_AD9N_15            | User IO     |              |      15 |            |      |                     |                      |         |            |           |          |          |                  |
| F15        |                             | High Range | IO_L14P_T2_SRCC_15           | User IO     |              |      15 |            |      |                     |                      |         |            |           |          |          |                  |
| F16        |                             | High Range | IO_L14N_T2_SRCC_15           | User IO     |              |      15 |            |      |                     |                      |         |            |           |          |          |                  |
| F17        |                             |            | GND                          | GND         |              |         |            |      |                     |                      |     0.0 |            |           |          |          |                  |
| F18        |                             | High Range | IO_L22N_T3_A16_15            | User IO     |              |      15 |            |      |                     |                      |         |            |           |          |          |                  |
| G1         | spi_io0_io                  | High Range | IO_L17N_T2_35                | BIDIR       | LVCMOS33     |      35 |         12 | SLOW |                     |            FP_VTT_50 |         | FIXED      |           |          |          | NONE             |
| G2         | jd_pin10_io                 | High Range | IO_L15N_T2_DQS_35            | BIDIR       | LVCMOS33     |      35 |         12 | SLOW |                     |            FP_VTT_50 |         | FIXED      |           |          |          | NONE             |
| G3         | rgb_led_tri_o[5]            | High Range | IO_L20N_T3_35                | OUTPUT      | LVCMOS33     |      35 |         12 | SLOW |                     |            FP_VTT_50 |         | FIXED      |           |          |          | NONE             |
| G4         | rgb_led_tri_o[3]            | High Range | IO_L20P_T3_35                | OUTPUT      | LVCMOS33     |      35 |         12 | SLOW |                     |            FP_VTT_50 |         | FIXED      |           |          |          | NONE             |
| G5         |                             | High Range | VCCO_35                      | VCCO        |              |      35 |            |      |                     |                      |    3.30 |            |           |          |          |                  |
| G6         | rgb_led_tri_o[2]            | High Range | IO_L19P_T3_35                | OUTPUT      | LVCMOS33     |      35 |         12 | SLOW |                     |            FP_VTT_50 |         | FIXED      |           |          |          | NONE             |
| G7         |                             |            | VCCINT                       | VCCINT      |              |         |            |      |                     |                      |         |            |           |          |          |                  |
| G8         |                             |            | GND                          | GND         |              |         |            |      |                     |                      |     0.0 |            |           |          |          |                  |
| G9         |                             |            | VCCINT                       | VCCINT      |              |         |            |      |                     |                      |         |            |           |          |          |                  |
| G10        |                             |            | GND                          | GND         |              |         |            |      |                     |                      |     0.0 |            |           |          |          |                  |
| G11        |                             |            | VCCBRAM                      | VCCBRAM     |              |         |            |      |                     |                      |         |            |           |          |          |                  |
| G12        |                             |            | GND                          | GND         |              |         |            |      |                     |                      |     0.0 |            |           |          |          |                  |
| G13        | ja_pin1_io                  | High Range | IO_0_15                      | BIDIR       | LVCMOS33     |      15 |         12 | SLOW |                     |            FP_VTT_50 |         | FIXED      |           |          |          | NONE             |
| G14        |                             | High Range | IO_L15N_T2_DQS_ADV_B_15      | User IO     |              |      15 |            |      |                     |                      |         |            |           |          |          |                  |
| G15        |                             | High Range | VCCO_15                      | VCCO        |              |      15 |            |      |                     |                      |    3.30 |            |           |          |          |                  |
| G16        |                             | High Range | IO_L13N_T2_MRCC_15           | User IO     |              |      15 |            |      |                     |                      |         |            |           |          |          |                  |
| G17        |                             | High Range | IO_L18N_T2_A23_15            | User IO     |              |      15 |            |      |                     |                      |         |            |           |          |          |                  |
| G18        |                             | High Range | IO_L22P_T3_A17_15            | User IO     |              |      15 |            |      |                     |                      |         |            |           |          |          |                  |
| H1         | spi_io1_io                  | High Range | IO_L17P_T2_35                | BIDIR       | LVCMOS33     |      35 |         12 | SLOW |                     |            FP_VTT_50 |         | FIXED      |           |          |          | NONE             |
| H2         | jd_pin9_io                  | High Range | IO_L15P_T2_DQS_35            | BIDIR       | LVCMOS33     |      35 |         12 | SLOW |                     |            FP_VTT_50 |         | FIXED      |           |          |          | NONE             |
| H3         |                             |            | GND                          | GND         |              |         |            |      |                     |                      |     0.0 |            |           |          |          |                  |
| H4         | rgb_led_tri_o[6]            | High Range | IO_L21N_T3_DQS_35            | OUTPUT      | LVCMOS33     |      35 |         12 | SLOW |                     |            FP_VTT_50 |         | FIXED      |           |          |          | NONE             |
| H5         | led_4bits_tri_o[0]          | High Range | IO_L24N_T3_35                | OUTPUT      | LVCMOS33     |      35 |         12 | SLOW |                     |            FP_VTT_50 |         | FIXED      |           |          |          | NONE             |
| H6         | rgb_led_tri_o[10]           | High Range | IO_L24P_T3_35                | OUTPUT      | LVCMOS33     |      35 |         12 | SLOW |                     |            FP_VTT_50 |         | FIXED      |           |          |          | NONE             |
| H7         |                             |            | GND                          | GND         |              |         |            |      |                     |                      |     0.0 |            |           |          |          |                  |
| H8         |                             |            | VCCINT                       | VCCINT      |              |         |            |      |                     |                      |         |            |           |          |          |                  |
| H9         |                             | Dedicated  | GNDADC_0                     | XADC        |              |       0 |            |      |                     |                      |         |            |           |          |          |                  |
| H10        |                             | Dedicated  | VCCADC_0                     | XADC        |              |       0 |            |      |                     |                      |         |            |           |          |          |                  |
| H11        |                             |            | GND                          | GND         |              |         |            |      |                     |                      |     0.0 |            |           |          |          |                  |
| H12        |                             |            | VCCAUX                       | VCCAUX      |              |         |            |      |                     |                      |    1.80 |            |           |          |          |                  |
| H13        |                             |            | GND                          | GND         |              |         |            |      |                     |                      |     0.0 |            |           |          |          |                  |
| H14        |                             | High Range | IO_L15P_T2_DQS_15            | User IO     |              |      15 |            |      |                     |                      |         |            |           |          |          |                  |
| H15        |                             | High Range | IO_L19N_T3_A21_VREF_15       | User IO     |              |      15 |            |      |                     |                      |         |            |           |          |          |                  |
| H16        |                             | High Range | IO_L13P_T2_MRCC_15           | User IO     |              |      15 |            |      |                     |                      |         |            |           |          |          |                  |
| H17        |                             | High Range | IO_L18P_T2_A24_15            | User IO     |              |      15 |            |      |                     |                      |         |            |           |          |          |                  |
| H18        |                             | High Range | VCCO_15                      | VCCO        |              |      15 |            |      |                     |                      |    3.30 |            |           |          |          |                  |
| J1         |                             | High Range | VCCO_35                      | VCCO        |              |      35 |            |      |                     |                      |    3.30 |            |           |          |          |                  |
| J2         | rgb_led_tri_o[7]            | High Range | IO_L22N_T3_35                | OUTPUT      | LVCMOS33     |      35 |         12 | SLOW |                     |            FP_VTT_50 |         | FIXED      |           |          |          | NONE             |
| J3         | rgb_led_tri_o[8]            | High Range | IO_L22P_T3_35                | OUTPUT      | LVCMOS33     |      35 |         12 | SLOW |                     |            FP_VTT_50 |         | FIXED      |           |          |          | NONE             |
| J4         | rgb_led_tri_o[4]            | High Range | IO_L21P_T3_DQS_35            | OUTPUT      | LVCMOS33     |      35 |         12 | SLOW |                     |            FP_VTT_50 |         | FIXED      |           |          |          | NONE             |
| J5         | led_4bits_tri_o[1]          | High Range | IO_25_35                     | OUTPUT      | LVCMOS33     |      35 |         12 | SLOW |                     |            FP_VTT_50 |         | FIXED      |           |          |          | NONE             |
| J6         |                             |            | GND                          | GND         |              |         |            |      |                     |                      |     0.0 |            |           |          |          |                  |
| J7         |                             |            | VCCINT                       | VCCINT      |              |         |            |      |                     |                      |         |            |           |          |          |                  |
| J8         |                             |            | GND                          | GND         |              |         |            |      |                     |                      |     0.0 |            |           |          |          |                  |
| J9         |                             | Dedicated  | VREFN_0                      | XADC        |              |       0 |            |      |                     |                      |         |            |           |          |          |                  |
| J10        |                             | Dedicated  | VP_0                         | XADC        |              |       0 |            |      |                     |                      |         |            |           |          |          |                  |
| J11        |                             |            | VCCINT                       | VCCINT      |              |         |            |      |                     |                      |         |            |           |          |          |                  |
| J12        |                             |            | GND                          | GND         |              |         |            |      |                     |                      |     0.0 |            |           |          |          |                  |
| J13        |                             | High Range | IO_L17N_T2_A25_15            | User IO     |              |      15 |            |      |                     |                      |         |            |           |          |          |                  |
| J14        |                             | High Range | IO_L19P_T3_A22_15            | User IO     |              |      15 |            |      |                     |                      |         |            |           |          |          |                  |
| J15        | jb_pin10_io                 | High Range | IO_L24N_T3_RS0_15            | BIDIR       | LVCMOS33     |      15 |         12 | SLOW |                     |            FP_VTT_50 |         | FIXED      |           |          |          | NONE             |
| J16        |                             |            | GND                          | GND         |              |         |            |      |                     |                      |     0.0 |            |           |          |          |                  |
| J17        | jb_pin7_io                  | High Range | IO_L23P_T3_FOE_B_15          | BIDIR       | LVCMOS33     |      15 |         12 | SLOW |                     |            FP_VTT_50 |         | FIXED      |           |          |          | NONE             |
| J18        | jb_pin8_io                  | High Range | IO_L23N_T3_FWE_B_15          | BIDIR       | LVCMOS33     |      15 |         12 | SLOW |                     |            FP_VTT_50 |         | FIXED      |           |          |          | NONE             |
| K1         | rgb_led_tri_o[11]           | High Range | IO_L23N_T3_35                | OUTPUT      | LVCMOS33     |      35 |         12 | SLOW |                     |            FP_VTT_50 |         | FIXED      |           |          |          | NONE             |
| K2         | rgb_led_tri_o[9]            | High Range | IO_L23P_T3_35                | OUTPUT      | LVCMOS33     |      35 |         12 | SLOW |                     |            FP_VTT_50 |         | FIXED      |           |          |          | NONE             |
| K3         | ddr3_sdram_dq[2]            | High Range | IO_L2P_T0_34                 | BIDIR       | SSTL135      |      34 |            | FAST |    UNTUNED_SPLIT_50 |            FP_VTT_50 |         | FIXED      |           |          | Internal | NONE             |
| K4         |                             | High Range | VCCO_34                      | VCCO        |              |      34 |            |      |                     |                      |    1.35 |            |           |          |          |                  |
| K5         | ddr3_sdram_dq[0]            | High Range | IO_L5P_T0_34                 | BIDIR       | SSTL135      |      34 |            | FAST |    UNTUNED_SPLIT_50 |            FP_VTT_50 |         | FIXED      |           |          | Internal | NONE             |
| K6         | ddr3_sdram_reset_n          | High Range | IO_0_34                      | OUTPUT      | SSTL135      |      34 |            | FAST |                     |            FP_VTT_50 |         | FIXED      |           |          |          | NONE             |
| K7         |                             |            | GND                          | GND         |              |         |            |      |                     |                      |     0.0 |            |           |          |          |                  |
| K8         |                             |            | VCCINT                       | VCCINT      |              |         |            |      |                     |                      |         |            |           |          |          |                  |
| K9         |                             | Dedicated  | VN_0                         | XADC        |              |       0 |            |      |                     |                      |         |            |           |          |          |                  |
| K10        |                             | Dedicated  | VREFP_0                      | XADC        |              |       0 |            |      |                     |                      |         |            |           |          |          |                  |
| K11        |                             |            | GND                          | GND         |              |         |            |      |                     |                      |     0.0 |            |           |          |          |                  |
| K12        |                             |            | VCCAUX                       | VCCAUX      |              |         |            |      |                     |                      |    1.80 |            |           |          |          |                  |
| K13        |                             | High Range | IO_L17P_T2_A26_15            | User IO     |              |      15 |            |      |                     |                      |         |            |           |          |          |                  |
| K14        |                             | High Range | VCCO_15                      | VCCO        |              |      15 |            |      |                     |                      |    3.30 |            |           |          |          |                  |
| K15        | jb_pin9_io                  | High Range | IO_L24P_T3_RS1_15            | BIDIR       | LVCMOS33     |      15 |         12 | SLOW |                     |            FP_VTT_50 |         | FIXED      |           |          |          | NONE             |
| K16        | ja_pin10_io                 | High Range | IO_25_15                     | BIDIR       | LVCMOS33     |      15 |         12 | SLOW |                     |            FP_VTT_50 |         | FIXED      |           |          |          | NONE             |
| K17        | qspi_flash_io0_io           | High Range | IO_L1P_T0_D00_MOSI_14        | BIDIR       | LVCMOS33     |      14 |         12 | SLOW |                     |            FP_VTT_50 |         | FIXED      |           |          |          | NONE             |
| K18        | qspi_flash_io1_io           | High Range | IO_L1N_T0_D01_DIN_14         | BIDIR       | LVCMOS33     |      14 |         12 | SLOW |                     |            FP_VTT_50 |         | FIXED      |           |          |          | NONE             |
| L1         | ddr3_sdram_dm[0]            | High Range | IO_L1P_T0_34                 | TRISTATE    | SSTL135      |      34 |            | FAST |                     |            FP_VTT_50 |         | FIXED      |           |          |          | NONE             |
| L2         |                             |            | GND                          | GND         |              |         |            |      |                     |                      |     0.0 |            |           |          |          |                  |
| L3         | ddr3_sdram_dq[1]            | High Range | IO_L2N_T0_34                 | BIDIR       | SSTL135      |      34 |            | FAST |    UNTUNED_SPLIT_50 |            FP_VTT_50 |         | FIXED      |           |          | Internal | NONE             |
| L4         | ddr3_sdram_dq[6]            | High Range | IO_L5N_T0_34                 | BIDIR       | SSTL135      |      34 |            | FAST |    UNTUNED_SPLIT_50 |            FP_VTT_50 |         | FIXED      |           |          | Internal | NONE             |
| L5         |                             | High Range | IO_L6N_T0_VREF_34            | User IO     |              |      34 |            |      |                     |                      |         |            |           |          |          |                  |
| L6         | ddr3_sdram_dq[3]            | High Range | IO_L6P_T0_34                 | BIDIR       | SSTL135      |      34 |            | FAST |    UNTUNED_SPLIT_50 |            FP_VTT_50 |         | FIXED      |           |          | Internal | NONE             |
| L7         |                             |            | VCCINT                       | VCCINT      |              |         |            |      |                     |                      |         |            |           |          |          |                  |
| L8         |                             |            | GND                          | GND         |              |         |            |      |                     |                      |     0.0 |            |           |          |          |                  |
| L9         |                             | Dedicated  | DXN_0                        | Temp Sensor |              |       0 |            |      |                     |                      |         |            |           |          |          |                  |
| L10        |                             | Dedicated  | DXP_0                        | Temp Sensor |              |       0 |            |      |                     |                      |         |            |           |          |          |                  |
| L11        |                             |            | VCCINT                       | VCCINT      |              |         |            |      |                     |                      |         |            |           |          |          |                  |
| L12        |                             |            | GND                          | GND         |              |         |            |      |                     |                      |     0.0 |            |           |          |          |                  |
| L13        | qspi_flash_ss_io            | High Range | IO_L6P_T0_FCS_B_14           | BIDIR       | LVCMOS33     |      14 |         12 | SLOW |                     |            FP_VTT_50 |         | FIXED      |           |          |          | NONE             |
| L14        | qspi_flash_io2_io           | High Range | IO_L2P_T0_D02_14             | BIDIR       | LVCMOS33     |      14 |         12 | SLOW |                     |            FP_VTT_50 |         | FIXED      |           |          |          | NONE             |
| L15        |                             | High Range | IO_L3P_T0_DQS_PUDC_B_14      | User IO     |              |      14 |            |      |                     |                      |         |            |           |          |          |                  |
| L16        |                             | High Range | IO_L3N_T0_DQS_EMCCLK_14      | User IO     |              |      14 |            |      |                     |                      |         |            |           |          |          |                  |
| L17        |                             | High Range | VCCO_14                      | VCCO        |              |      14 |            |      |                     |                      |    3.30 |            |           |          |          |                  |
| L18        | i2c_scl_io                  | High Range | IO_L4P_T0_D04_14             | BIDIR       | LVCMOS33     |      14 |         12 | SLOW |                     |            FP_VTT_50 |         | FIXED      |           |          |          | NONE             |
| M1         | ddr3_sdram_dq[5]            | High Range | IO_L1N_T0_34                 | BIDIR       | SSTL135      |      34 |            | FAST |    UNTUNED_SPLIT_50 |            FP_VTT_50 |         | FIXED      |           |          | Internal | NONE             |
| M2         | ddr3_sdram_dq[7]            | High Range | IO_L4N_T0_34                 | BIDIR       | SSTL135      |      34 |            | FAST |    UNTUNED_SPLIT_50 |            FP_VTT_50 |         | FIXED      |           |          | Internal | NONE             |
| M3         | ddr3_sdram_dq[4]            | High Range | IO_L4P_T0_34                 | BIDIR       | SSTL135      |      34 |            | FAST |    UNTUNED_SPLIT_50 |            FP_VTT_50 |         | FIXED      |           |          | Internal | NONE             |
| M4         | ddr3_sdram_cas_n            | High Range | IO_L16P_T2_34                | OUTPUT      | SSTL135      |      34 |            | FAST |                     |            FP_VTT_50 |         | FIXED      |           |          |          | NONE             |
| M5         |                             |            | GND                          | GND         |              |         |            |      |                     |                      |     0.0 |            |           |          |          |                  |
| M6         | ddr3_sdram_addr[1]          | High Range | IO_L18P_T2_34                | OUTPUT      | SSTL135      |      34 |            | FAST |                     |            FP_VTT_50 |         | FIXED      |           |          |          | NONE             |
| M7         |                             |            | GND                          | GND         |              |         |            |      |                     |                      |     0.0 |            |           |          |          |                  |
| M8         |                             |            | VCCINT                       | VCCINT      |              |         |            |      |                     |                      |         |            |           |          |          |                  |
| M9         |                             |            | GND                          | GND         |              |         |            |      |                     |                      |     0.0 |            |           |          |          |                  |
| M10        |                             |            | VCCINT                       | VCCINT      |              |         |            |      |                     |                      |         |            |           |          |          |                  |
| M11        |                             |            | GND                          | GND         |              |         |            |      |                     |                      |     0.0 |            |           |          |          |                  |
| M12        |                             |            | VCCAUX                       | VCCAUX      |              |         |            |      |                     |                      |    1.80 |            |           |          |          |                  |
| M13        | shield_dp26_dp41_tri_io[2]  | High Range | IO_L6N_T0_D08_VREF_14        | BIDIR       | LVCMOS33     |      14 |         12 | SLOW |                     |            FP_VTT_50 |         | FIXED      |           |          |          | NONE             |
| M14        | qspi_flash_io3_io           | High Range | IO_L2N_T0_D03_14             | BIDIR       | LVCMOS33     |      14 |         12 | SLOW |                     |            FP_VTT_50 |         | FIXED      |           |          |          | NONE             |
| M15        |                             |            | GND                          | GND         |              |         |            |      |                     |                      |     0.0 |            |           |          |          |                  |
| M16        | shield_dp0_dp19_tri_io[9]   | High Range | IO_L10P_T1_D14_14            | BIDIR       | LVCMOS33     |      14 |         12 | SLOW |                     |            FP_VTT_50 |         | FIXED      |           |          |          | NONE             |
| M17        |                             | High Range | IO_L10N_T1_D15_14            | User IO     |              |      14 |            |      |                     |                      |         |            |           |          |          |                  |
| M18        | i2c_sda_io                  | High Range | IO_L4N_T0_D05_14             | BIDIR       | LVCMOS33     |      14 |         12 | SLOW |                     |            FP_VTT_50 |         | FIXED      |           |          |          | NONE             |
| N1         | ddr3_sdram_dqs_n[0]         | High Range | IO_L3N_T0_DQS_34             | BIDIR       | DIFF_SSTL135 |      34 |            | FAST |    UNTUNED_SPLIT_50 |            FP_VTT_50 |         | FIXED      |           |          |          | NONE             |
| N2         | ddr3_sdram_dqs_p[0]         | High Range | IO_L3P_T0_DQS_34             | BIDIR       | DIFF_SSTL135 |      34 |            | FAST |    UNTUNED_SPLIT_50 |            FP_VTT_50 |         | FIXED      |           |          |          | NONE             |
| N3         |                             | High Range | VCCO_34                      | VCCO        |              |      34 |            |      |                     |                      |    1.35 |            |           |          |          |                  |
| N4         | ddr3_sdram_addr[2]          | High Range | IO_L16N_T2_34                | OUTPUT      | SSTL135      |      34 |            | FAST |                     |            FP_VTT_50 |         | FIXED      |           |          |          | NONE             |
| N5         | ddr3_sdram_cke[0]           | High Range | IO_L13P_T2_MRCC_34           | OUTPUT      | SSTL135      |      34 |            | FAST |                     |            FP_VTT_50 |         | FIXED      |           |          |          | NONE             |
| N6         | ddr3_sdram_addr[4]          | High Range | IO_L18N_T2_34                | OUTPUT      | SSTL135      |      34 |            | FAST |                     |            FP_VTT_50 |         | FIXED      |           |          |          | NONE             |
| N7         |                             |            | VCCINT                       | VCCINT      |              |         |            |      |                     |                      |         |            |           |          |          |                  |
| N8         |                             |            | GND                          | GND         |              |         |            |      |                     |                      |     0.0 |            |           |          |          |                  |
| N9         |                             |            | VCCINT                       | VCCINT      |              |         |            |      |                     |                      |         |            |           |          |          |                  |
| N10        |                             |            | GND                          | GND         |              |         |            |      |                     |                      |     0.0 |            |           |          |          |                  |
| N11        |                             |            | VCCINT                       | VCCINT      |              |         |            |      |                     |                      |         |            |           |          |          |                  |
| N12        |                             |            | GND                          | GND         |              |         |            |      |                     |                      |     0.0 |            |           |          |          |                  |
| N13        |                             | High Range | VCCO_14                      | VCCO        |              |      14 |            |      |                     |                      |    3.30 |            |           |          |          |                  |
| N14        | shield_dp26_dp41_tri_io[10] | High Range | IO_L8P_T1_D11_14             | BIDIR       | LVCMOS33     |      14 |         12 | SLOW |                     |            FP_VTT_50 |         | FIXED      |           |          |          | NONE             |
| N15        | shield_dp0_dp19_tri_io[8]   | High Range | IO_L11P_T1_SRCC_14           | BIDIR       | LVCMOS33     |      14 |         12 | SLOW |                     |            FP_VTT_50 |         | FIXED      |           |          |          | NONE             |
| N16        | shield_dp26_dp41_tri_io[9]  | High Range | IO_L11N_T1_SRCC_14           | BIDIR       | LVCMOS33     |      14 |         12 | SLOW |                     |            FP_VTT_50 |         | FIXED      |           |          |          | NONE             |
| N17        | shield_dp26_dp41_tri_io[15] | High Range | IO_L9P_T1_DQS_14             | BIDIR       | LVCMOS33     |      14 |         12 | SLOW |                     |            FP_VTT_50 |         | FIXED      |           |          |          | NONE             |
| N18        |                             |            | GND                          | GND         |              |         |            |      |                     |                      |     0.0 |            |           |          |          |                  |
| P1         |                             |            | GND                          | GND         |              |         |            |      |                     |                      |     0.0 |            |           |          |          |                  |
| P2         | ddr3_sdram_ba[2]            | High Range | IO_L15P_T2_DQS_34            | OUTPUT      | SSTL135      |      34 |            | FAST |                     |            FP_VTT_50 |         | FIXED      |           |          |          | NONE             |
| P3         | ddr3_sdram_ras_n            | High Range | IO_L14N_T2_SRCC_34           | OUTPUT      | SSTL135      |      34 |            | FAST |                     |            FP_VTT_50 |         | FIXED      |           |          |          | NONE             |
| P4         | ddr3_sdram_ba[1]            | High Range | IO_L14P_T2_SRCC_34           | OUTPUT      | SSTL135      |      34 |            | FAST |                     |            FP_VTT_50 |         | FIXED      |           |          |          | NONE             |
| P5         | ddr3_sdram_we_n             | High Range | IO_L13N_T2_MRCC_34           | OUTPUT      | SSTL135      |      34 |            | FAST |                     |            FP_VTT_50 |         | FIXED      |           |          |          | NONE             |
| P6         |                             | High Range | VCCO_34                      | VCCO        |              |      34 |            |      |                     |                      |    1.35 |            |           |          |          |                  |
| P7         |                             | Dedicated  | INIT_B_0                     | Config      |              |       0 |            |      |                     |                      |         |            |           |          |          |                  |
| P8         |                             | Dedicated  | CFGBVS_0                     | Config      |              |       0 |            |      |                     |                      |         |            |           |          |          |                  |
| P9         |                             | Dedicated  | PROGRAM_B_0                  | Config      |              |       0 |            |      |                     |                      |         |            |           |          |          |                  |
| P10        |                             | Dedicated  | DONE_0                       | Config      |              |       0 |            |      |                     |                      |         |            |           |          |          |                  |
| P11        |                             | Dedicated  | M2_0                         | Config      |              |       0 |            |      |                     |                      |         |            |           |          |          |                  |
| P12        |                             | Dedicated  | M0_0                         | Config      |              |       0 |            |      |                     |                      |         |            |           |          |          |                  |
| P13        |                             | Dedicated  | M1_0                         | Config      |              |       0 |            |      |                     |                      |         |            |           |          |          |                  |
| P14        | shield_dp0_dp19_tri_io[2]   | High Range | IO_L8N_T1_D12_14             | BIDIR       | LVCMOS33     |      14 |         12 | SLOW |                     |            FP_VTT_50 |         | FIXED      |           |          |          | NONE             |
| P15        | shield_dp26_dp41_tri_io[7]  | High Range | IO_L13P_T2_MRCC_14           | BIDIR       | LVCMOS33     |      14 |         12 | SLOW |                     |            FP_VTT_50 |         | FIXED      |           |          |          | NONE             |
| P16        |                             | High Range | VCCO_14                      | VCCO        |              |      14 |            |      |                     |                      |    3.30 |            |           |          |          |                  |
| P17        | shield_dp0_dp19_tri_io[13]  | High Range | IO_L12P_T1_MRCC_14           | BIDIR       | LVCMOS33     |      14 |         12 | SLOW |                     |            FP_VTT_50 |         | FIXED      |           |          |          | NONE             |
| P18        | shield_dp26_dp41_tri_io[14] | High Range | IO_L9N_T1_DQS_D13_14         | BIDIR       | LVCMOS33     |      14 |         12 | SLOW |                     |            FP_VTT_50 |         | FIXED      |           |          |          | NONE             |
| R1         | ddr3_sdram_ba[0]            | High Range | IO_L17P_T2_34                | OUTPUT      | SSTL135      |      34 |            | FAST |                     |            FP_VTT_50 |         | FIXED      |           |          |          | NONE             |
| R2         | ddr3_sdram_addr[0]          | High Range | IO_L15N_T2_DQS_34            | OUTPUT      | SSTL135      |      34 |            | FAST |                     |            FP_VTT_50 |         | FIXED      |           |          |          | NONE             |
| R3         | ddr3_sdram_dq[15]           | High Range | IO_L11P_T1_SRCC_34           | BIDIR       | SSTL135      |      34 |            | FAST |    UNTUNED_SPLIT_50 |            FP_VTT_50 |         | FIXED      |           |          | Internal | NONE             |
| R4         |                             |            | GND                          | GND         |              |         |            |      |                     |                      |     0.0 |            |           |          |          |                  |
| R5         | ddr3_sdram_odt[0]           | High Range | IO_L19N_T3_VREF_34           | OUTPUT      | SSTL135      |      34 |            | FAST |                     |            FP_VTT_50 |         | FIXED      |           |          |          | NONE             |
| R6         | ddr3_sdram_addr[10]         | High Range | IO_L19P_T3_34                | OUTPUT      | SSTL135      |      34 |            | FAST |                     |            FP_VTT_50 |         | FIXED      |           |          |          | NONE             |
| R7         | ddr3_sdram_addr[5]          | High Range | IO_L23P_T3_34                | OUTPUT      | SSTL135      |      34 |            | FAST |                     |            FP_VTT_50 |         | FIXED      |           |          |          | NONE             |
| R8         | ddr3_sdram_addr[8]          | High Range | IO_L24P_T3_34                | OUTPUT      | SSTL135      |      34 |            | FAST |                     |            FP_VTT_50 |         | FIXED      |           |          |          | NONE             |
| R9         |                             | Dedicated  | VCCO_0                       | VCCO        |              |       0 |            |      |                     |                      |   any** |            |           |          |          |                  |
| R10        | shield_dp26_dp41_tri_io[3]  | High Range | IO_25_14                     | BIDIR       | LVCMOS33     |      14 |         12 | SLOW |                     |            FP_VTT_50 |         | FIXED      |           |          |          | NONE             |
| R11        | shield_dp26_dp41_tri_io[4]  | High Range | IO_0_14                      | BIDIR       | LVCMOS33     |      14 |         12 | SLOW |                     |            FP_VTT_50 |         | FIXED      |           |          |          | NONE             |
| R12        | shield_dp0_dp19_tri_io[4]   | High Range | IO_L5P_T0_D06_14             | BIDIR       | LVCMOS33     |      14 |         12 | SLOW |                     |            FP_VTT_50 |         | FIXED      |           |          |          | NONE             |
| R13        | shield_dp26_dp41_tri_io[5]  | High Range | IO_L5N_T0_D07_14             | BIDIR       | LVCMOS33     |      14 |         12 | SLOW |                     |            FP_VTT_50 |         | FIXED      |           |          |          | NONE             |
| R14        |                             |            | GND                          | GND         |              |         |            |      |                     |                      |     0.0 |            |           |          |          |                  |
| R15        | shield_dp26_dp41_tri_io[6]  | High Range | IO_L13N_T2_MRCC_14           | BIDIR       | LVCMOS33     |      14 |         12 | SLOW |                     |            FP_VTT_50 |         | FIXED      |           |          |          | NONE             |
| R16        | shield_dp26_dp41_tri_io[8]  | High Range | IO_L15P_T2_DQS_RDWR_B_14     | BIDIR       | LVCMOS33     |      14 |         12 | SLOW |                     |            FP_VTT_50 |         | FIXED      |           |          |          | NONE             |
| R17        | shield_dp0_dp19_tri_io[12]  | High Range | IO_L12N_T1_MRCC_14           | BIDIR       | LVCMOS33     |      14 |         12 | SLOW |                     |            FP_VTT_50 |         | FIXED      |           |          |          | NONE             |
| R18        | shield_dp26_dp41_tri_io[13] | High Range | IO_L7P_T1_D09_14             | BIDIR       | LVCMOS33     |      14 |         12 | SLOW |                     |            FP_VTT_50 |         | FIXED      |           |          |          | NONE             |
| T1         | ddr3_sdram_addr[3]          | High Range | IO_L17N_T2_34                | OUTPUT      | SSTL135      |      34 |            | FAST |                     |            FP_VTT_50 |         | FIXED      |           |          |          | NONE             |
| T2         |                             | High Range | VCCO_34                      | VCCO        |              |      34 |            |      |                     |                      |    1.35 |            |           |          |          |                  |
| T3         | ddr3_sdram_dq[13]           | High Range | IO_L11N_T1_SRCC_34           | BIDIR       | SSTL135      |      34 |            | FAST |    UNTUNED_SPLIT_50 |            FP_VTT_50 |         | FIXED      |           |          | Internal | NONE             |
| T4         |                             | High Range | IO_L12N_T1_MRCC_34           | User IO     |              |      34 |            |      |                     |                      |         |            |           |          |          |                  |
| T5         | ddr3_sdram_dq[9]            | High Range | IO_L12P_T1_MRCC_34           | BIDIR       | SSTL135      |      34 |            | FAST |    UNTUNED_SPLIT_50 |            FP_VTT_50 |         | FIXED      |           |          | Internal | NONE             |
| T6         | ddr3_sdram_addr[12]         | High Range | IO_L23N_T3_34                | OUTPUT      | SSTL135      |      34 |            | FAST |                     |            FP_VTT_50 |         | FIXED      |           |          |          | NONE             |
| T7         |                             |            | GND                          | GND         |              |         |            |      |                     |                      |     0.0 |            |           |          |          |                  |
| T8         | ddr3_sdram_addr[13]         | High Range | IO_L24N_T3_34                | OUTPUT      | SSTL135      |      34 |            | FAST |                     |            FP_VTT_50 |         | FIXED      |           |          |          | NONE             |
| T9         | led_4bits_tri_o[2]          | High Range | IO_L24P_T3_A01_D17_14        | OUTPUT      | LVCMOS33     |      14 |         12 | SLOW |                     |            FP_VTT_50 |         | FIXED      |           |          |          | NONE             |
| T10        | led_4bits_tri_o[3]          | High Range | IO_L24N_T3_A00_D16_14        | OUTPUT      | LVCMOS33     |      14 |         12 | SLOW |                     |            FP_VTT_50 |         | FIXED      |           |          |          | NONE             |
| T11        | shield_dp0_dp19_tri_io[3]   | High Range | IO_L19P_T3_A10_D26_14        | BIDIR       | LVCMOS33     |      14 |         12 | SLOW |                     |            FP_VTT_50 |         | FIXED      |           |          |          | NONE             |
| T12        |                             | High Range | VCCO_14                      | VCCO        |              |      14 |            |      |                     |                      |    3.30 |            |           |          |          |                  |
| T13        | jc_pin9_io                  | High Range | IO_L23P_T3_A03_D19_14        | BIDIR       | LVCMOS33     |      14 |         12 | SLOW |                     |            FP_VTT_50 |         | FIXED      |           |          |          | NONE             |
| T14        | shield_dp0_dp19_tri_io[5]   | High Range | IO_L14P_T2_SRCC_14           | BIDIR       | LVCMOS33     |      14 |         12 | SLOW |                     |            FP_VTT_50 |         | FIXED      |           |          |          | NONE             |
| T15        | shield_dp0_dp19_tri_io[6]   | High Range | IO_L14N_T2_SRCC_14           | BIDIR       | LVCMOS33     |      14 |         12 | SLOW |                     |            FP_VTT_50 |         | FIXED      |           |          |          | NONE             |
| T16        | shield_dp0_dp19_tri_io[7]   | High Range | IO_L15N_T2_DQS_DOUT_CSO_B_14 | BIDIR       | LVCMOS33     |      14 |         12 | SLOW |                     |            FP_VTT_50 |         | FIXED      |           |          |          | NONE             |
| T17        |                             |            | GND                          | GND         |              |         |            |      |                     |                      |     0.0 |            |           |          |          |                  |
| T18        | shield_dp26_dp41_tri_io[12] | High Range | IO_L7N_T1_D10_14             | BIDIR       | LVCMOS33     |      14 |         12 | SLOW |                     |            FP_VTT_50 |         | FIXED      |           |          |          | NONE             |
| U1         | ddr3_sdram_dm[1]            | High Range | IO_L7P_T1_34                 | TRISTATE    | SSTL135      |      34 |            | FAST |                     |            FP_VTT_50 |         | FIXED      |           |          |          | NONE             |
| U2         | ddr3_sdram_dqs_p[1]         | High Range | IO_L9P_T1_DQS_34             | BIDIR       | DIFF_SSTL135 |      34 |            | FAST |    UNTUNED_SPLIT_50 |            FP_VTT_50 |         | FIXED      |           |          |          | NONE             |
| U3         | ddr3_sdram_dq[14]           | High Range | IO_L8N_T1_34                 | BIDIR       | SSTL135      |      34 |            | FAST |    UNTUNED_SPLIT_50 |            FP_VTT_50 |         | FIXED      |           |          | Internal | NONE             |
| U4         | ddr3_sdram_dq[10]           | High Range | IO_L8P_T1_34                 | BIDIR       | SSTL135      |      34 |            | FAST |    UNTUNED_SPLIT_50 |            FP_VTT_50 |         | FIXED      |           |          | Internal | NONE             |
| U5         |                             | High Range | VCCO_34                      | VCCO        |              |      34 |            |      |                     |                      |    1.35 |            |           |          |          |                  |
| U6         | ddr3_sdram_addr[11]         | High Range | IO_L22N_T3_34                | OUTPUT      | SSTL135      |      34 |            | FAST |                     |            FP_VTT_50 |         | FIXED      |           |          |          | NONE             |
| U7         | ddr3_sdram_addr[7]          | High Range | IO_L22P_T3_34                | OUTPUT      | SSTL135      |      34 |            | FAST |                     |            FP_VTT_50 |         | FIXED      |           |          |          | NONE             |
| U8         | ddr3_sdram_cs_n[0]          | High Range | IO_25_34                     | OUTPUT      | SSTL135      |      34 |            | FAST |                     |            FP_VTT_50 |         | FIXED      |           |          |          | NONE             |
| U9         | ddr3_sdram_ck_p[0]          | High Range | IO_L21P_T3_DQS_34            | OUTPUT      | DIFF_SSTL135 |      34 |            | FAST |                     |            FP_VTT_50 |         | FIXED      |           |          |          | NONE             |
| U10        |                             |            | GND                          | GND         |              |         |            |      |                     |                      |     0.0 |            |           |          |          |                  |
| U11        | shield_dp26_dp41_tri_io[0]  | High Range | IO_L19N_T3_A09_D25_VREF_14   | BIDIR       | LVCMOS33     |      14 |         12 | SLOW |                     |            FP_VTT_50 |         | FIXED      |           |          |          | NONE             |
| U12        | jc_pin1_io                  | High Range | IO_L20P_T3_A08_D24_14        | BIDIR       | LVCMOS33     |      14 |         12 | SLOW |                     |            FP_VTT_50 |         | FIXED      |           |          |          | NONE             |
| U13        | jc_pin10_io                 | High Range | IO_L23N_T3_A02_D18_14        | BIDIR       | LVCMOS33     |      14 |         12 | SLOW |                     |            FP_VTT_50 |         | FIXED      |           |          |          | NONE             |
| U14        | jc_pin7_io                  | High Range | IO_L22P_T3_A05_D21_14        | BIDIR       | LVCMOS33     |      14 |         12 | SLOW |                     |            FP_VTT_50 |         | FIXED      |           |          |          | NONE             |
| U15        |                             | High Range | VCCO_14                      | VCCO        |              |      14 |            |      |                     |                      |    3.30 |            |           |          |          |                  |
| U16        | shield_dp0_dp19_tri_io[1]   | High Range | IO_L18P_T2_A12_D28_14        | BIDIR       | LVCMOS33     |      14 |         12 | SLOW |                     |            FP_VTT_50 |         | FIXED      |           |          |          | NONE             |
| U17        | shield_dp26_dp41_tri_io[11] | High Range | IO_L17P_T2_A14_D30_14        | BIDIR       | LVCMOS33     |      14 |         12 | SLOW |                     |            FP_VTT_50 |         | FIXED      |           |          |          | NONE             |
| U18        | shield_dp0_dp19_tri_io[11]  | High Range | IO_L17N_T2_A13_D29_14        | BIDIR       | LVCMOS33     |      14 |         12 | SLOW |                     |            FP_VTT_50 |         | FIXED      |           |          |          | NONE             |
| V1         | ddr3_sdram_dq[12]           | High Range | IO_L7N_T1_34                 | BIDIR       | SSTL135      |      34 |            | FAST |    UNTUNED_SPLIT_50 |            FP_VTT_50 |         | FIXED      |           |          | Internal | NONE             |
| V2         | ddr3_sdram_dqs_n[1]         | High Range | IO_L9N_T1_DQS_34             | BIDIR       | DIFF_SSTL135 |      34 |            | FAST |    UNTUNED_SPLIT_50 |            FP_VTT_50 |         | FIXED      |           |          |          | NONE             |
| V3         |                             |            | GND                          | GND         |              |         |            |      |                     |                      |     0.0 |            |           |          |          |                  |
| V4         | ddr3_sdram_dq[8]            | High Range | IO_L10N_T1_34                | BIDIR       | SSTL135      |      34 |            | FAST |    UNTUNED_SPLIT_50 |            FP_VTT_50 |         | FIXED      |           |          | Internal | NONE             |
| V5         | ddr3_sdram_dq[11]           | High Range | IO_L10P_T1_34                | BIDIR       | SSTL135      |      34 |            | FAST |    UNTUNED_SPLIT_50 |            FP_VTT_50 |         | FIXED      |           |          | Internal | NONE             |
| V6         | ddr3_sdram_addr[6]          | High Range | IO_L20N_T3_34                | OUTPUT      | SSTL135      |      34 |            | FAST |                     |            FP_VTT_50 |         | FIXED      |           |          |          | NONE             |
| V7         | ddr3_sdram_addr[9]          | High Range | IO_L20P_T3_34                | OUTPUT      | SSTL135      |      34 |            | FAST |                     |            FP_VTT_50 |         | FIXED      |           |          |          | NONE             |
| V8         |                             | High Range | VCCO_34                      | VCCO        |              |      34 |            |      |                     |                      |    1.35 |            |           |          |          |                  |
| V9         | ddr3_sdram_ck_n[0]          | High Range | IO_L21N_T3_DQS_34            | OUTPUT      | DIFF_SSTL135 |      34 |            | FAST |                     |            FP_VTT_50 |         | FIXED      |           |          |          | NONE             |
| V10        | jc_pin3_io                  | High Range | IO_L21P_T3_DQS_14            | BIDIR       | LVCMOS33     |      14 |         12 | SLOW |                     |            FP_VTT_50 |         | FIXED      |           |          |          | NONE             |
| V11        | jc_pin4_io                  | High Range | IO_L21N_T3_DQS_A06_D22_14    | BIDIR       | LVCMOS33     |      14 |         12 | SLOW |                     |            FP_VTT_50 |         | FIXED      |           |          |          | NONE             |
| V12        | jc_pin2_io                  | High Range | IO_L20N_T3_A07_D23_14        | BIDIR       | LVCMOS33     |      14 |         12 | SLOW |                     |            FP_VTT_50 |         | FIXED      |           |          |          | NONE             |
| V13        |                             |            | GND                          | GND         |              |         |            |      |                     |                      |     0.0 |            |           |          |          |                  |
| V14        | jc_pin8_io                  | High Range | IO_L22N_T3_A04_D20_14        | BIDIR       | LVCMOS33     |      14 |         12 | SLOW |                     |            FP_VTT_50 |         | FIXED      |           |          |          | NONE             |
| V15        | shield_dp0_dp19_tri_io[0]   | High Range | IO_L16P_T2_CSI_B_14          | BIDIR       | LVCMOS33     |      14 |         12 | SLOW |                     |            FP_VTT_50 |         | FIXED      |           |          |          | NONE             |
| V16        | shield_dp26_dp41_tri_io[1]  | High Range | IO_L16N_T2_A15_D31_14        | BIDIR       | LVCMOS33     |      14 |         12 | SLOW |                     |            FP_VTT_50 |         | FIXED      |           |          |          | NONE             |
| V17        | shield_dp0_dp19_tri_io[10]  | High Range | IO_L18N_T2_A11_D27_14        | BIDIR       | LVCMOS33     |      14 |         12 | SLOW |                     |            FP_VTT_50 |         | FIXED      |           |          |          | NONE             |
| V18        |                             | High Range | VCCO_14                      | VCCO        |              |      14 |            |      |                     |                      |    3.30 |            |           |          |          |                  |
+------------+-----------------------------+------------+------------------------------+-------------+--------------+---------+------------+------+---------------------+----------------------+---------+------------+-----------+----------+----------+------------------+
* Default value
** Special VCCO requirements may apply. Please consult the device family datasheet for specific guideline on VCCO requirements.


